<?xml version="1.0" encoding="UTF-8"?>
<!-- Generated by org.testng.reporters.JUnitReportReporter -->
<testsuite hostname="EC2AMAZ-S11DBRH" failures="0" tests="2" name="ParallelExecution.Sample1" time="0.016" errors="0" timestamp="2023-07-18T07:42:52 GMT" skipped="0">
  <testcase classname="ParallelExecution.Sample1" name="one" time="0.013"/>
  <system-out/>
  <testcase classname="ParallelExecution.Sample1" name="two" time="0.003"/>
  <system-out/>
</testsuite> <!-- ParallelExecution.Sample1 -->
