<?xml version="1.0" encoding="UTF-8"?>
<!-- Generated by org.testng.reporters.JUnitReportReporter -->
<testsuite hostname="EC2AMAZ-S11DBRH" failures="0" tests="2" name="ParallelExecution.Sampletwo" time="0.020" errors="0" timestamp="2023-07-18T07:42:52 GMT" skipped="0">
  <testcase classname="ParallelExecution.Sampletwo" name="six" time="0.007"/>
  <system-out/>
  <testcase classname="ParallelExecution.Sampletwo" name="five" time="0.013"/>
  <system-out/>
</testsuite> <!-- ParallelExecution.Sampletwo -->
