<?xml version="1.0" encoding="UTF-8"?>
<!-- Generated by org.testng.reporters.JUnitReportReporter -->
<testsuite hostname="EC2AMAZ-S11DBRH" failures="0" tests="2" name="NewTest" time="1.722" errors="0" timestamp="2023-07-18T05:58:32 GMT" skipped="1">
  <testcase classname="NewTest" name="JavaSearch" time="1.722"/>
  <system-out/>
  <testcase classname="NewTest" name="GoogleSearch">
    <skipped/>
  </testcase> <!-- GoogleSearch -->
  <system-out/>
</testsuite> <!-- NewTest -->
